<?xml version="1.0" encoding="UTF-8"?>
<!-- Generated by org.testng.reporters.JUnitReportReporter -->
<testsuite skipped="4" hostname="DESKTOP-RTOOT5Q" name="testcases.rediff.StockManagement" tests="8" failures="0" timestamp="2021-03-13T11:54:12 IST" time="61.343" errors="0">
  <testcase name="verifyStockQuantity" time="53.491" classname="testcases.rediff.StockManagement"/>
  <testcase name="verifyStockQuantity" time="0.000" classname="testcases.rediff.StockManagement">
    <skipped/>
  </testcase> <!-- verifyStockQuantity -->
  <testcase name="addNewStock" time="7.449" classname="testcases.rediff.StockManagement"/>
  <testcase name="verifyTransactionHistory" time="0.001" classname="testcases.rediff.StockManagement"/>
  <testcase name="verifyStockPresent" time="0.398" classname="testcases.rediff.StockManagement"/>
  <testcase name="verifyTransactionHistory" time="0.002" classname="testcases.rediff.StockManagement">
    <skipped/>
  </testcase> <!-- verifyTransactionHistory -->
  <testcase name="verifyStockPresent" time="0.001" classname="testcases.rediff.StockManagement">
    <skipped/>
  </testcase> <!-- verifyStockPresent -->
  <testcase name="addNewStock" time="0.001" classname="testcases.rediff.StockManagement">
    <skipped/>
  </testcase> <!-- addNewStock -->
</testsuite> <!-- testcases.rediff.StockManagement -->
