<?xml version="1.0" encoding="UTF-8"?>
<!-- Generated by org.testng.reporters.JUnitReportReporter -->
<testsuite skipped="1" hostname="DESKTOP-RTOOT5Q" name="testcases.rediff.PortfolioManagement" tests="2" failures="0" timestamp="2021-03-13T11:54:12 IST" time="1.653" errors="0">
  <testcase name="selectPortFolio" time="0.003" classname="testcases.rediff.PortfolioManagement">
    <skipped/>
  </testcase> <!-- selectPortFolio -->
  <testcase name="selectPortFolio" time="1.650" classname="testcases.rediff.PortfolioManagement"/>
</testsuite> <!-- testcases.rediff.PortfolioManagement -->
